{"name": "test_1", "status": "broken", "statusDetails": {"message": "selenium.common.exceptions.NoSuchElementException: Message: no such element: Unable to locate element: {\"method\":\"xpath\",\"selector\":\"//div[@id=\"welcome_text\"]\"}\n  (Session info: chrome=137.0.7151.104); For documentation on this error, please visit: https://www.selenium.dev/documentation/webdriver/troubleshooting/errors#no-such-element-exception\nStacktrace:\n\tGetHandleVerifier [0x0x7ff69775fe75+79173]\n\tGetHandleVerifier [0x0x7ff69775fed0+79264]\n\t(No symbol) [0x0x7ff697519e5a]\n\t(No symbol) [0x0x7ff697570586]\n\t(No symbol) [0x0x7ff69757083c]\n\t(No symbol) [0x0x7ff6975c4247]\n\t(No symbol) [0x0x7ff6975989af]\n\t(No symbol) [0x0x7ff6975c100d]\n\t(No symbol) [0x0x7ff697598743]\n\t(No symbol) [0x0x7ff6975614c1]\n\t(No symbol) [0x0x7ff697562253]\n\tGetHandleVerifier [0x0x7ff697a2a2ad+3004797]\n\tGetHandleVerifier [0x0x7ff697a246fd+2981325]\n\tGetHandleVerifier [0x0x7ff697a43350+3107360]\n\tGetHandleVerifier [0x0x7ff69777a9fe+188622]\n\tGetHandleVerifier [0x0x7ff69778228f+219487]\n\tGetHandleVerifier [0x0x7ff697768dc4+115860]\n\tGetHandleVerifier [0x0x7ff697768f79+116297]\n\tGetHandleVerifier [0x0x7ff69774f528+11256]\n\tBaseThreadInitThunk [0x0x7ffd02d5259d+29]\n\tRtlUserThreadStart [0x0x7ffd049eaf58+40]", "trace": "test_driver = <selenium.webdriver.chrome.webdriver.WebDriver (session=\"b0951b02e8ff5db3861316e2eb7f6d8e\")>, test_logger = <Logger test_1 (INFO)>\n\n    def test_1(test_driver, test_logger):\n    \n        author_obj = Authorization(test_driver, test_logger)\n        home_page_obj = Home_page(test_driver, test_logger)\n        helper = Helper(test_driver, test_logger)\n        register_obj = Register(test_driver, test_logger)\n        login_obj = Login(test_driver, test_logger)\n        helper.open_new_page(url)\n        test_logger.info(\"Started authorization test\")\n        author_obj.authorize(test_data.login, test_data.code)\n>       text = home_page_obj.get_welcome_guest_text()\n               ^^^^^^^^^^^^^^^^^^^^^^^^^^^^^^^^^^^^^^\n\nAzure\\Tests\\test_1.py:26: \n_ _ _ _ _ _ _ _ _ _ _ _ _ _ _ _ _ _ _ _ _ _ _ _ _ _ _ _ _ _ _ _ _ _ _ _ _ _ _ _ _ _ _ _ _ _ _ _ _ _ _ _ _ _ _ _ _ _ _ _ _ _ _ _ _ _ _ _ _ _ _ _ _ _ _ _ _ _ _ _ _ _ _ _ _ _ _ _ _\nAzure\\POM\\home_page.py:10: in get_welcome_guest_text\n    return self.find_element(self.welcome_guest_el).text\n           ^^^^^^^^^^^^^^^^^^^^^^^^^^^^^^^^^^^^^^^^\nAzure\\Lib\\helper.py:23: in find_element\n    element = self.driver.find_element(*locator)\n              ^^^^^^^^^^^^^^^^^^^^^^^^^^^^^^^^^^\nenv_project1\\Lib\\site-packages\\selenium\\webdriver\\remote\\webdriver.py:914: in find_element\n    return self.execute(Command.FIND_ELEMENT, {\"using\": by, \"value\": value})[\"value\"]\n           ^^^^^^^^^^^^^^^^^^^^^^^^^^^^^^^^^^^^^^^^^^^^^^^^^^^^^^^^^^^^^^^^^\nenv_project1\\Lib\\site-packages\\selenium\\webdriver\\remote\\webdriver.py:447: in execute\n    self.error_handler.check_response(response)\n_ _ _ _ _ _ _ _ _ _ _ _ _ _ _ _ _ _ _ _ _ _ _ _ _ _ _ _ _ _ _ _ _ _ _ _ _ _ _ _ _ _ _ _ _ _ _ _ _ _ _ _ _ _ _ _ _ _ _ _ _ _ _ _ _ _ _ _ _ _ _ _ _ _ _ _ _ _ _ _ _ _ _ _ _ _ _ _ _\n\nself = <selenium.webdriver.remote.errorhandler.ErrorHandler object at 0x00000279772A5BE0>\nresponse = {'status': 404, 'value': '{\"value\":{\"error\":\"no such element\",\"message\":\"no such element: Unable to locate element: {\\...ff69774f528+11256]\\\\n\\\\tBaseThreadInitThunk [0x0x7ffd02d5259d+29]\\\\n\\\\tRtlUserThreadStart [0x0x7ffd049eaf58+40]\\\\n\"}}'}\n\n    def check_response(self, response: Dict[str, Any]) -> None:\n        \"\"\"Checks that a JSON response from the WebDriver does not have an\n        error.\n    \n        :Args:\n         - response - The JSON response from the WebDriver server as a dictionary\n           object.\n    \n        :Raises: If the response contains an error message.\n        \"\"\"\n        status = response.get(\"status\", None)\n        if not status or status == ErrorCode.SUCCESS:\n            return\n        value = None\n        message = response.get(\"message\", \"\")\n        screen: str = response.get(\"screen\", \"\")\n        stacktrace = None\n        if isinstance(status, int):\n            value_json = response.get(\"value\", None)\n            if value_json and isinstance(value_json, str):\n                import json\n    \n                try:\n                    value = json.loads(value_json)\n                    if len(value) == 1:\n                        value = value[\"value\"]\n                    status = value.get(\"error\", None)\n                    if not status:\n                        status = value.get(\"status\", ErrorCode.UNKNOWN_ERROR)\n                        message = value.get(\"value\") or value.get(\"message\")\n                        if not isinstance(message, str):\n                            value = message\n                            message = message.get(\"message\")\n                    else:\n                        message = value.get(\"message\", None)\n                except ValueError:\n                    pass\n    \n        exception_class: Type[WebDriverException]\n        e = ErrorCode()\n        error_codes = [item for item in dir(e) if not item.startswith(\"__\")]\n        for error_code in error_codes:\n            error_info = getattr(ErrorCode, error_code)\n            if isinstance(error_info, list) and status in error_info:\n                exception_class = getattr(ExceptionMapping, error_code, WebDriverException)\n                break\n        else:\n            exception_class = WebDriverException\n    \n        if not value:\n            value = response[\"value\"]\n        if isinstance(value, str):\n            raise exception_class(value)\n        if message == \"\" and \"message\" in value:\n            message = value[\"message\"]\n    \n        screen = None  # type: ignore[assignment]\n        if \"screen\" in value:\n            screen = value[\"screen\"]\n    \n        stacktrace = None\n        st_value = value.get(\"stackTrace\") or value.get(\"stacktrace\")\n        if st_value:\n            if isinstance(st_value, str):\n                stacktrace = st_value.split(\"\\n\")\n            else:\n                stacktrace = []\n                try:\n                    for frame in st_value:\n                        line = frame.get(\"lineNumber\", \"\")\n                        file = frame.get(\"fileName\", \"<anonymous>\")\n                        if line:\n                            file = f\"{file}:{line}\"\n                        meth = frame.get(\"methodName\", \"<anonymous>\")\n                        if \"className\" in frame:\n                            meth = f\"{frame['className']}.{meth}\"\n                        msg = \"    at %s (%s)\"\n                        msg = msg % (meth, file)\n                        stacktrace.append(msg)\n                except TypeError:\n                    pass\n        if exception_class == UnexpectedAlertPresentException:\n            alert_text = None\n            if \"data\" in value:\n                alert_text = value[\"data\"].get(\"text\")\n            elif \"alert\" in value:\n                alert_text = value[\"alert\"].get(\"text\")\n            raise exception_class(message, screen, stacktrace, alert_text)  # type: ignore[call-arg]  # mypy is not smart enough here\n>       raise exception_class(message, screen, stacktrace)\nE       selenium.common.exceptions.NoSuchElementException: Message: no such element: Unable to locate element: {\"method\":\"xpath\",\"selector\":\"//div[@id=\"welcome_text\"]\"}\nE         (Session info: chrome=137.0.7151.104); For documentation on this error, please visit: https://www.selenium.dev/documentation/webdriver/troubleshooting/errors#no-such-element-exception\nE       Stacktrace:\nE       \tGetHandleVerifier [0x0x7ff69775fe75+79173]\nE       \tGetHandleVerifier [0x0x7ff69775fed0+79264]\nE       \t(No symbol) [0x0x7ff697519e5a]\nE       \t(No symbol) [0x0x7ff697570586]\nE       \t(No symbol) [0x0x7ff69757083c]\nE       \t(No symbol) [0x0x7ff6975c4247]\nE       \t(No symbol) [0x0x7ff6975989af]\nE       \t(No symbol) [0x0x7ff6975c100d]\nE       \t(No symbol) [0x0x7ff697598743]\nE       \t(No symbol) [0x0x7ff6975614c1]\nE       \t(No symbol) [0x0x7ff697562253]\nE       \tGetHandleVerifier [0x0x7ff697a2a2ad+3004797]\nE       \tGetHandleVerifier [0x0x7ff697a246fd+2981325]\nE       \tGetHandleVerifier [0x0x7ff697a43350+3107360]\nE       \tGetHandleVerifier [0x0x7ff69777a9fe+188622]\nE       \tGetHandleVerifier [0x0x7ff69778228f+219487]\nE       \tGetHandleVerifier [0x0x7ff697768dc4+115860]\nE       \tGetHandleVerifier [0x0x7ff697768f79+116297]\nE       \tGetHandleVerifier [0x0x7ff69774f528+11256]\nE       \tBaseThreadInitThunk [0x0x7ffd02d5259d+29]\nE       \tRtlUserThreadStart [0x0x7ffd049eaf58+40]\n\nenv_project1\\Lib\\site-packages\\selenium\\webdriver\\remote\\errorhandler.py:232: NoSuchElementException"}, "attachments": [{"name": "log", "source": "3be91547-04a8-4a61-8571-54576f1ae501-attachment.txt", "type": "text/plain"}], "start": 1749895141250, "stop": 1749895158778, "uuid": "8bb6d150-9642-45d9-8632-210a2c87843b", "historyId": "da4f1ca1bac33daa5672d2fe571a6254", "testCaseId": "da4f1ca1bac33daa5672d2fe571a6254", "fullName": "Azure.Tests.test_1#test_1", "labels": [{"name": "parentSuite", "value": "Azure.Tests"}, {"name": "suite", "value": "test_1"}, {"name": "host", "value": "LAPTOP-9FI1C8PR"}, {"name": "thread", "value": "1536-MainThread"}, {"name": "framework", "value": "pytest"}, {"name": "language", "value": "cpython3"}, {"name": "package", "value": "Azure.Tests.test_1"}]}